#
# There is insufficient memory for the Java Runtime Environment to continue.
# Native memory allocation (mmap) failed to map 264241152 bytes for G1 virtual space
# Possible reasons:
#   The system is out of physical RAM or swap space
#   The process is running with CompressedOops enabled, and the Java Heap may be blocking the growth of the native heap
# Possible solutions:
#   Reduce memory load on the system
#   Increase physical memory or swap space
#   Check if swap backing store is full
#   Decrease Java heap size (-Xmx/-Xms)
#   Decrease number of Java threads
#   Decrease Java thread stack sizes (-Xss)
#   Set larger code cache with -XX:ReservedCodeCacheSize=
#   JVM is running with Zero Based Compressed Oops mode in which the Java heap is
#     placed in the first 32GB address space. The Java Heap base address is the
#     maximum limit for the native heap growth. Please use -XX:HeapBaseMinAddress
#     to set the Java Heap base and to place the Java Heap above 32GB virtual address.
# This output file may be truncated or incomplete.
#
#  Out of Memory Error (os_windows.cpp:3760), pid=13456, tid=17824
#
# JRE version:  (17.0.5+1) (build )
# Java VM: OpenJDK 64-Bit Server VM (17.0.5+1-b653.25, mixed mode, sharing, tiered, compressed oops, compressed class ptrs, g1 gc, windows-amd64)
# No core dump will be written. Minidumps are not enabled by default on client versions of Windows
#

---------------  S U M M A R Y ------------

Command Line: git4idea.http.GitAskPassApp Username for 'https://github.com': 

Host: 12th Gen Intel(R) Core(TM) i5-12500H, 16 cores, 15G,  Windows 11 , 64 bit Build 22621 (10.0.22621.2070)
Time: Wed Aug 30 21:47:33 2023  Windows 11 , 64 bit Build 22621 (10.0.22621.2070) elapsed time: 0.017230 seconds (0d 0h 0m 0s)

---------------  T H R E A D  ---------------

Current thread (0x000001b162ffb590):  JavaThread "Unknown thread" [_thread_in_vm, id=17824, stack(0x00000037cfc00000,0x00000037cfd00000)]

Stack: [0x00000037cfc00000,0x00000037cfd00000]
Native frames: (J=compiled Java code, j=interpreted, Vv=VM code, C=native code)
V  [jvm.dll+0x6830ca]
V  [jvm.dll+0x83f4c4]
V  [jvm.dll+0x840c6e]
V  [jvm.dll+0x8412d3]
V  [jvm.dll+0x2490b5]
V  [jvm.dll+0x67ff99]
V  [jvm.dll+0x6744aa]
V  [jvm.dll+0x308f2b]
V  [jvm.dll+0x3103e6]
V  [jvm.dll+0x36013e]
V  [jvm.dll+0x36036f]
V  [jvm.dll+0x2df018]
V  [jvm.dll+0x2dff84]
V  [jvm.dll+0x810d91]
V  [jvm.dll+0x36df31]
V  [jvm.dll+0x7f028c]
V  [jvm.dll+0x3f0cbf]
V  [jvm.dll+0x3f2801]
C  [jli.dll+0x526b]
C  [ucrtbase.dll+0x29363]
C  [KERNEL32.DLL+0x126ad]
C  [ntdll.dll+0x5aa68]


---------------  P R O C E S S  ---------------

Threads class SMR info:
_java_thread_list=0x00007fffc9028f98, length=0, elements={
}

Java Threads: ( => current thread )

Other Threads:
  0x000001b163068970 GCTaskThread "GC Thread#0" [stack: 0x00000037cfd00000,0x00000037cfe00000] [id=13156]
  0x000001b163079420 ConcurrentGCThread "G1 Main Marker" [stack: 0x00000037cfe00000,0x00000037cff00000] [id=9144]
  0x000001b163079e30 ConcurrentGCThread "G1 Conc#0" [stack: 0x00000037cff00000,0x00000037d0000000] [id=11440]

[error occurred during error reporting (printing all threads), id 0xc0000005, EXCEPTION_ACCESS_VIOLATION (0xc0000005) at pc=0x00007fffc87dfbd7]

VM state: not at safepoint (not fully initialized)

VM Mutex/Monitor currently owned by a thread:  ([mutex/lock_event])
[0x000001b162ff7140] Heap_lock - owner thread: 0x000001b162ffb590

Heap address: 0x0000000705e00000, size: 4002 MB, Compressed Oops mode: Zero based, Oop shift amount: 3

CDS archive(s) mapped at: [0x0000000000000000-0x0000000000000000-0x0000000000000000), size 0, SharedBaseAddress: 0x0000000800000000, ArchiveRelocationMode: 0.
Narrow klass base: 0x0000000000000000, Narrow klass shift: 0, Narrow klass range: 0x0

GC Precious Log:
<Empty>

Heap:
 garbage-first heap   total 0K, used 0K [0x0000000705e00000, 0x0000000800000000)
  region size 2048K, 0 young (0K), 0 survivors (0K)

[error occurred during error reporting (printing heap information), id 0xc0000005, EXCEPTION_ACCESS_VIOLATION (0xc0000005) at pc=0x00007fffc8bccd59]

GC Heap History (0 events):
No events

Dll operation events (1 events):
Event: 0.012 Loaded shared library C:\Program Files\JetBrains\IntelliJ IDEA 2022.3.2\jbr\bin\java.dll

Deoptimization events (0 events):
No events

Classes unloaded (0 events):
No events

Classes redefined (0 events):
No events

Internal exceptions (0 events):
No events

VM Operations (0 events):
No events

Events (0 events):
No events


Dynamic libraries:
0x00007ff7b50d0000 - 0x00007ff7b50da000 	C:\Program Files\JetBrains\IntelliJ IDEA 2022.3.2\jbr\bin\java.exe
0x00007ff834010000 - 0x00007ff834224000 	C:\WINDOWS\SYSTEM32\ntdll.dll
0x00007ff832160000 - 0x00007ff832224000 	C:\WINDOWS\System32\KERNEL32.DLL
0x00007ff8315d0000 - 0x00007ff831974000 	C:\WINDOWS\System32\KERNELBASE.dll
0x00007ff831980000 - 0x00007ff831a91000 	C:\WINDOWS\System32\ucrtbase.dll
0x00007fffed650000 - 0x00007fffed66b000 	C:\Program Files\JetBrains\IntelliJ IDEA 2022.3.2\jbr\bin\VCRUNTIME140.dll
0x00007ff8127c0000 - 0x00007ff8127d7000 	C:\Program Files\JetBrains\IntelliJ IDEA 2022.3.2\jbr\bin\jli.dll
0x00007ff831dd0000 - 0x00007ff831f7a000 	C:\WINDOWS\System32\USER32.dll
0x00007ff8313f0000 - 0x00007ff831416000 	C:\WINDOWS\System32\win32u.dll
0x00007ff833a30000 - 0x00007ff833a59000 	C:\WINDOWS\System32\GDI32.dll
0x00007ff831cb0000 - 0x00007ff831dc9000 	C:\WINDOWS\System32\gdi32full.dll
0x00007ff831aa0000 - 0x00007ff831b3a000 	C:\WINDOWS\System32\msvcp_win.dll
0x00007ff830660000 - 0x00007ff8308ef000 	C:\WINDOWS\WinSxS\amd64_microsoft.windows.common-controls_6595b64144ccf1df_6.0.22621.2070_none_2713e6537381f706\COMCTL32.dll
0x00007ff832410000 - 0x00007ff8324b7000 	C:\WINDOWS\System32\msvcrt.dll
0x00007ff8323d0000 - 0x00007ff832401000 	C:\WINDOWS\System32\IMM32.DLL
0x00007ff801760000 - 0x00007ff80176c000 	C:\Program Files\JetBrains\IntelliJ IDEA 2022.3.2\jbr\bin\vcruntime140_1.dll
0x00007fffcdd10000 - 0x00007fffcdd9d000 	C:\Program Files\JetBrains\IntelliJ IDEA 2022.3.2\jbr\bin\msvcp140.dll
0x00007fffc84f0000 - 0x00007fffc915b000 	C:\Program Files\JetBrains\IntelliJ IDEA 2022.3.2\jbr\bin\server\jvm.dll
0x00007ff8324c0000 - 0x00007ff832570000 	C:\WINDOWS\System32\ADVAPI32.dll
0x00007ff8320a0000 - 0x00007ff832146000 	C:\WINDOWS\System32\sechost.dll
0x00007ff831f80000 - 0x00007ff832097000 	C:\WINDOWS\System32\RPCRT4.dll
0x00007ffff86e0000 - 0x00007ffff86e9000 	C:\WINDOWS\SYSTEM32\WSOCK32.dll
0x00007ff832710000 - 0x00007ff832781000 	C:\WINDOWS\System32\WS2_32.dll
0x00007ff817190000 - 0x00007ff81719a000 	C:\WINDOWS\SYSTEM32\VERSION.dll
0x00007ff826030000 - 0x00007ff826064000 	C:\WINDOWS\SYSTEM32\WINMM.dll
0x00007ff82fb80000 - 0x00007ff82fb98000 	C:\WINDOWS\SYSTEM32\kernel.appcore.dll
0x00007ff829230000 - 0x00007ff82923a000 	C:\Program Files\JetBrains\IntelliJ IDEA 2022.3.2\jbr\bin\jimage.dll
0x00007ff830d20000 - 0x00007ff830f4e000 	C:\WINDOWS\SYSTEM32\DBGHELP.DLL
0x00007ff833c40000 - 0x00007ff833fca000 	C:\WINDOWS\System32\combase.dll
0x00007ff832890000 - 0x00007ff832967000 	C:\WINDOWS\System32\OLEAUT32.dll
0x00007ff830be0000 - 0x00007ff830c12000 	C:\WINDOWS\SYSTEM32\dbgcore.DLL
0x00007ff8314e0000 - 0x00007ff83155a000 	C:\WINDOWS\System32\bcryptPrimitives.dll
0x00007ff818660000 - 0x00007ff818685000 	C:\Program Files\JetBrains\IntelliJ IDEA 2022.3.2\jbr\bin\java.dll

dbghelp: loaded successfully - version: 4.0.5 - missing functions: none
symbol engine: initialized successfully - sym options: 0x614 - pdb path: .;C:\Program Files\JetBrains\IntelliJ IDEA 2022.3.2\jbr\bin;C:\WINDOWS\SYSTEM32;C:\WINDOWS\WinSxS\amd64_microsoft.windows.common-controls_6595b64144ccf1df_6.0.22621.2070_none_2713e6537381f706;C:\Program Files\JetBrains\IntelliJ IDEA 2022.3.2\jbr\bin\server

VM Arguments:
java_command: git4idea.http.GitAskPassApp Username for 'https://github.com': 
java_class_path (initial): C:/Program Files/JetBrains/IntelliJ IDEA 2022.3.2/plugins/vcs-git/lib/git4idea-rt.jar;C:/Program Files/JetBrains/IntelliJ IDEA 2022.3.2/lib/externalProcess-rt.jar;C:/Program Files/JetBrains/IntelliJ IDEA 2022.3.2/lib/app.jar;C:/Program Files/JetBrains/IntelliJ IDEA 2022.3.2/lib/3rd-party-rt.jar
Launcher Type: SUN_STANDARD

[Global flags]
     intx CICompilerCount                          = 12                                        {product} {ergonomic}
     uint ConcGCThreads                            = 3                                         {product} {ergonomic}
     uint G1ConcRefinementThreads                  = 13                                        {product} {ergonomic}
   size_t G1HeapRegionSize                         = 2097152                                   {product} {ergonomic}
    uintx GCDrainStackTargetSize                   = 64                                        {product} {ergonomic}
   size_t InitialHeapSize                          = 264241152                                 {product} {ergonomic}
   size_t MarkStackSize                            = 4194304                                   {product} {ergonomic}
   size_t MaxHeapSize                              = 4196401152                                {product} {ergonomic}
   size_t MinHeapDeltaBytes                        = 2097152                                   {product} {ergonomic}
   size_t MinHeapSize                              = 8388608                                   {product} {ergonomic}
    uintx NonNMethodCodeHeapSize                   = 7602480                                {pd product} {ergonomic}
    uintx NonProfiledCodeHeapSize                  = 122027880                              {pd product} {ergonomic}
    uintx ProfiledCodeHeapSize                     = 122027880                              {pd product} {ergonomic}
    uintx ReservedCodeCacheSize                    = 251658240                              {pd product} {ergonomic}
     bool SegmentedCodeCache                       = true                                      {product} {ergonomic}
   size_t SoftMaxHeapSize                          = 4196401152                             {manageable} {ergonomic}
     bool UseCompressedClassPointers               = true                           {product lp64_product} {ergonomic}
     bool UseCompressedOops                        = true                           {product lp64_product} {ergonomic}
     bool UseG1GC                                  = true                                      {product} {ergonomic}
     bool UseLargePagesIndividualAllocation        = false                                  {pd product} {ergonomic}

Logging:
Log output configuration:
 #0: stdout all=warning uptime,level,tags
 #1: stderr all=off uptime,level,tags

Environment Variables:
JAVA_HOME=C:\Program Files\Java\jdk-20
PATH=C:\Program Files\Git\mingw64\libexec\git-core;C:\Program Files\Git\mingw64\libexec\git-core;C:\Program Files\Git\mingw64\bin;C:\Program Files\Git\usr\bin;C:\Users\SIM\bin;C:\Program Files\Java\jdk-20\bin;D:\project_program\oracle\dbhomeXE\bin;C:\WINDOWS\system32;C:\WINDOWS;C:\WINDOWS\System32\Wbem;C:\WINDOWS\System32\WindowsPowerShell\v1.0;C:\WINDOWS\System32\OpenSSH;C:\Program Files\Microsoft SQL Server\Client SDK\ODBC\170\Tools\Binn;C:\Program Files (x86)\Microsoft SQL Server\150\Tools\Binn;C:\Program Files\Microsoft SQL Server\150\Tools\Binn;C:\Program Files\Microsoft SQL Server\150\DTS\Binn;C:\Program Files\Azure Data Studio\bin;C:\Program Files\dotnet;C:\Program Files\Bandizip;C:\Program Files\nodejs;C:\ProgramData\chocolatey\bin;C:\Program Files\Git\cmd;C:\Users\SIM\AppData\Local\Microsoft\WindowsApps;C:\Program Files\Azure Data Studio\bin;D:\Users\SIM\AppData\Local\Programs\Microsoft VS Code\bin;C:\Users\SIM\AppData\Local\afreeca;C:\Users\SIM\.dotnet\tools;C:\Program Files\JetBrains\PyCharm Community Edition 2023.1\bin;C:\Users\SIM\AppData\Roaming\npm
USERNAME=SIM
DISPLAY=:0.0
LC_ALL=en_US.UTF-8
TERM=xterm-256color
TMPDIR=C:\Users\SIM\AppData\Local\Temp
OS=Windows_NT
PROCESSOR_IDENTIFIER=Intel64 Family 6 Model 154 Stepping 3, GenuineIntel
TMP=C:\Users\SIM\AppData\Local\Temp
TEMP=C:\Users\SIM\AppData\Local\Temp



---------------  S Y S T E M  ---------------

OS:
 Windows 11 , 64 bit Build 22621 (10.0.22621.2070)
OS uptime: 5 days 1:19 hours
Hyper-V role detected

CPU: total 16 (initial active 16) (8 cores per cpu, 2 threads per core) family 6 model 154 stepping 3 microcode 0x41b, cx8, cmov, fxsr, ht, mmx, 3dnowpref, sse, sse2, sse3, ssse3, sse4.1, sse4.2, popcnt, lzcnt, tsc, tscinvbit, avx, avx2, aes, erms, clmul, bmi1, bmi2, adx, sha, fma, vzeroupper, clflush, clflushopt, clwb, hv

Memory: 4k page, system-wide physical 16003M (3239M free)
TotalPageFile size 18051M (AvailPageFile size 48M)
current process WorkingSet (physical memory assigned to process): 11M, peak: 11M
current process commit charge ("private bytes"): 70M, peak: 322M

vm_info: OpenJDK 64-Bit Server VM (17.0.5+1-b653.25) for windows-amd64 JRE (17.0.5+1-b653.25), built on 2023-01-04 by "builduser" with MS VC++ 16.10 / 16.11 (VS2019)

END.
